t=2020-12-26T09:57:31+0900 lvl=info msg="Starting Grafana" logger=server version=7.4.0-pre commit=f7c0702b7b branch=feature/change_logo compiled=2020-12-23T16:39:28+0900
t=2020-12-26T09:57:31+0900 lvl=info msg="Config loaded from" logger=settings file=/home/imotok/workspace/Datumix/grafana/conf/defaults.ini
t=2020-12-26T09:57:31+0900 lvl=info msg="Config overridden from command line" logger=settings arg="app_mode=development"
t=2020-12-26T09:57:31+0900 lvl=info msg="Path Home" logger=settings path=/home/imotok/workspace/Datumix/grafana
t=2020-12-26T09:57:31+0900 lvl=info msg="Path Data" logger=settings path=/home/imotok/workspace/Datumix/grafana/data
t=2020-12-26T09:57:31+0900 lvl=info msg="Path Logs" logger=settings path=/home/imotok/workspace/Datumix/grafana/data/log
t=2020-12-26T09:57:31+0900 lvl=info msg="Path Plugins" logger=settings path=/home/imotok/workspace/Datumix/grafana/data/plugins
t=2020-12-26T09:57:31+0900 lvl=info msg="Path Provisioning" logger=settings path=/home/imotok/workspace/Datumix/grafana/conf/provisioning
t=2020-12-26T09:57:31+0900 lvl=info msg="App mode development" logger=settings
t=2020-12-26T09:57:31+0900 lvl=info msg="Connecting to DB" logger=sqlstore dbtype=sqlite3
t=2020-12-26T09:57:31+0900 lvl=info msg="Starting DB migrations" logger=migrator
t=2020-12-26T09:57:31+0900 lvl=info msg="Starting plugin search" logger=plugins
t=2020-12-26T09:57:31+0900 lvl=warn msg="Plugin missing module.js" logger=plugins name="Direct Input" warning="Missing module.js, If you loaded this plugin from git, make sure to compile it." path=/home/imotok/workspace/Datumix/grafana/plugins-bundled/internal/input-datasource/src/module.js
t=2020-12-26T09:57:31+0900 lvl=info msg="Registering plugin" logger=plugins id=input
t=2020-12-26T09:57:31+0900 lvl=info msg="HTTP Server Listen" logger=http.server address=[::]:3000 protocol=http subUrl= socket=
t=2020-12-26T09:57:41+0900 lvl=info msg="New token" logger=context userId=1 orgId=1 uname=admin unhashed token=29645e979690322d4d9c136c0ed3b6fb
t=2020-12-26T10:02:54+0900 lvl=info msg="Starting Grafana" logger=server version=7.4.0-pre commit=f7c0702b7b branch=feature/change_logo compiled=2020-12-23T16:39:28+0900
t=2020-12-26T10:02:54+0900 lvl=info msg="Config loaded from" logger=settings file=/home/imotok/workspace/Datumix/grafana/conf/defaults.ini
t=2020-12-26T10:02:54+0900 lvl=info msg="Config overridden from command line" logger=settings arg="app_mode=development"
t=2020-12-26T10:02:54+0900 lvl=info msg="Path Home" logger=settings path=/home/imotok/workspace/Datumix/grafana
t=2020-12-26T10:02:54+0900 lvl=info msg="Path Data" logger=settings path=/home/imotok/workspace/Datumix/grafana/data
t=2020-12-26T10:02:54+0900 lvl=info msg="Path Logs" logger=settings path=/home/imotok/workspace/Datumix/grafana/data/log
t=2020-12-26T10:02:54+0900 lvl=info msg="Path Plugins" logger=settings path=/home/imotok/workspace/Datumix/grafana/data/plugins
t=2020-12-26T10:02:54+0900 lvl=info msg="Path Provisioning" logger=settings path=/home/imotok/workspace/Datumix/grafana/conf/provisioning
t=2020-12-26T10:02:54+0900 lvl=info msg="App mode development" logger=settings
t=2020-12-26T10:02:54+0900 lvl=info msg="Connecting to DB" logger=sqlstore dbtype=sqlite3
t=2020-12-26T10:02:54+0900 lvl=info msg="Starting DB migrations" logger=migrator
t=2020-12-26T10:02:54+0900 lvl=info msg="Starting plugin search" logger=plugins
t=2020-12-26T10:02:54+0900 lvl=warn msg="Plugin missing module.js" logger=plugins name="Direct Input" warning="Missing module.js, If you loaded this plugin from git, make sure to compile it." path=/home/imotok/workspace/Datumix/grafana/plugins-bundled/internal/input-datasource/src/module.js
t=2020-12-26T10:02:54+0900 lvl=info msg="Registering plugin" logger=plugins id=input
t=2020-12-26T10:02:54+0900 lvl=info msg="HTTP Server Listen" logger=http.server address=[::]:3000 protocol=http subUrl= socket=
t=2020-12-26T10:03:05+0900 lvl=info msg="Starting Grafana" logger=server version=7.4.0-pre commit=f7c0702b7b branch=feature/change_logo compiled=2020-12-23T16:39:28+0900
t=2020-12-26T10:03:05+0900 lvl=info msg="Config loaded from" logger=settings file=/home/imotok/workspace/Datumix/grafana/conf/defaults.ini
t=2020-12-26T10:03:05+0900 lvl=info msg="Config overridden from command line" logger=settings arg="app_mode=development"
t=2020-12-26T10:03:05+0900 lvl=info msg="Path Home" logger=settings path=/home/imotok/workspace/Datumix/grafana
t=2020-12-26T10:03:05+0900 lvl=info msg="Path Data" logger=settings path=/home/imotok/workspace/Datumix/grafana/data
t=2020-12-26T10:03:05+0900 lvl=info msg="Path Logs" logger=settings path=/home/imotok/workspace/Datumix/grafana/data/log
t=2020-12-26T10:03:05+0900 lvl=info msg="Path Plugins" logger=settings path=/home/imotok/workspace/Datumix/grafana/data/plugins
t=2020-12-26T10:03:05+0900 lvl=info msg="Path Provisioning" logger=settings path=/home/imotok/workspace/Datumix/grafana/conf/provisioning
t=2020-12-26T10:03:05+0900 lvl=info msg="App mode development" logger=settings
t=2020-12-26T10:03:05+0900 lvl=info msg="Connecting to DB" logger=sqlstore dbtype=sqlite3
t=2020-12-26T10:03:05+0900 lvl=info msg="Starting DB migrations" logger=migrator
t=2020-12-26T10:03:05+0900 lvl=info msg="Starting plugin search" logger=plugins
t=2020-12-26T10:03:05+0900 lvl=warn msg="Plugin missing module.js" logger=plugins name="Direct Input" warning="Missing module.js, If you loaded this plugin from git, make sure to compile it." path=/home/imotok/workspace/Datumix/grafana/plugins-bundled/internal/input-datasource/src/module.js
t=2020-12-26T10:03:05+0900 lvl=info msg="Registering plugin" logger=plugins id=input
t=2020-12-26T10:03:05+0900 lvl=info msg="HTTP Server Listen" logger=http.server address=[::]:3000 protocol=http subUrl= socket=
t=2020-12-26T10:03:17+0900 lvl=info msg="Starting Grafana" logger=server version=7.4.0-pre commit=f7c0702b7b branch=feature/change_logo compiled=2020-12-23T16:39:28+0900
t=2020-12-26T10:03:17+0900 lvl=info msg="Config loaded from" logger=settings file=/home/imotok/workspace/Datumix/grafana/conf/defaults.ini
t=2020-12-26T10:03:17+0900 lvl=info msg="Config overridden from command line" logger=settings arg="app_mode=development"
t=2020-12-26T10:03:17+0900 lvl=info msg="Path Home" logger=settings path=/home/imotok/workspace/Datumix/grafana
t=2020-12-26T10:03:17+0900 lvl=info msg="Path Data" logger=settings path=/home/imotok/workspace/Datumix/grafana/data
t=2020-12-26T10:03:17+0900 lvl=info msg="Path Logs" logger=settings path=/home/imotok/workspace/Datumix/grafana/data/log
t=2020-12-26T10:03:17+0900 lvl=info msg="Path Plugins" logger=settings path=/home/imotok/workspace/Datumix/grafana/data/plugins
t=2020-12-26T10:03:17+0900 lvl=info msg="Path Provisioning" logger=settings path=/home/imotok/workspace/Datumix/grafana/conf/provisioning
t=2020-12-26T10:03:17+0900 lvl=info msg="App mode development" logger=settings
t=2020-12-26T10:03:17+0900 lvl=info msg="Connecting to DB" logger=sqlstore dbtype=sqlite3
t=2020-12-26T10:03:17+0900 lvl=info msg="Starting DB migrations" logger=migrator
t=2020-12-26T10:03:17+0900 lvl=info msg="Starting plugin search" logger=plugins
t=2020-12-26T10:03:17+0900 lvl=warn msg="Plugin missing module.js" logger=plugins name="Direct Input" warning="Missing module.js, If you loaded this plugin from git, make sure to compile it." path=/home/imotok/workspace/Datumix/grafana/plugins-bundled/internal/input-datasource/src/module.js
t=2020-12-26T10:03:17+0900 lvl=info msg="Registering plugin" logger=plugins id=input
t=2020-12-26T10:03:17+0900 lvl=info msg="HTTP Server Listen" logger=http.server address=[::]:3000 protocol=http subUrl= socket=
t=2020-12-26T10:07:29+0900 lvl=eror msg="Dashboard not found" logger=context userId=1 orgId=1 uname=admin error="Dashboard not found" remote_addr=[::1]
t=2020-12-26T10:07:29+0900 lvl=info msg="Request Completed" logger=context userId=1 orgId=1 uname=admin method=GET path=/api/dashboards/uid/uWuaL50Gz status=404 remote_addr=[::1] time_ms=0 size=63 referer=http://localhost:3000/dashboard/import
t=2020-12-26T10:07:33+0900 lvl=eror msg="Dashboard not found" logger=context userId=1 orgId=1 uname=admin error="Dashboard not found" remote_addr=[::1]
t=2020-12-26T10:07:33+0900 lvl=info msg="Request Completed" logger=context userId=1 orgId=1 uname=admin method=GET path=/api/dashboards/uid/uWuaL50Gz status=404 remote_addr=[::1] time_ms=0 size=63 referer=http://localhost:3000/dashboard/import
t=2020-12-26T10:07:42+0900 lvl=info msg="New token" logger=context userId=1 orgId=1 uname=admin unhashed token=43a1051f13f74a7379fadf662d5aaa9c
t=2020-12-26T10:08:01+0900 lvl=eror msg="Dashboard not found" logger=context userId=1 orgId=1 uname=admin error="Dashboard not found" remote_addr=[::1]
t=2020-12-26T10:08:01+0900 lvl=info msg="Request Completed" logger=context userId=1 orgId=1 uname=admin method=GET path=/api/dashboards/uid/S-ygvAAMk status=404 remote_addr=[::1] time_ms=0 size=63 referer=http://localhost:3000/dashboard/import
t=2020-12-26T10:08:03+0900 lvl=eror msg="Dashboard not found" logger=context userId=1 orgId=1 uname=admin error="Dashboard not found" remote_addr=[::1]
t=2020-12-26T10:08:03+0900 lvl=info msg="Request Completed" logger=context userId=1 orgId=1 uname=admin method=GET path=/api/dashboards/uid/S-ygvAAMk status=404 remote_addr=[::1] time_ms=0 size=63 referer=http://localhost:3000/dashboard/import
t=2020-12-26T10:38:18+0900 lvl=info msg="Shutdown started" logger=server reason="System signal: interrupt"
t=2020-12-26T10:38:28+0900 lvl=info msg="Starting Grafana" logger=server version=7.4.0-pre commit=f7c0702b7b branch=feature/change_logo compiled=2020-12-23T16:39:28+0900
t=2020-12-26T10:38:28+0900 lvl=info msg="Config loaded from" logger=settings file=/home/imotok/workspace/Datumix/grafana/conf/defaults.ini
t=2020-12-26T10:38:28+0900 lvl=info msg="Config overridden from command line" logger=settings arg="app_mode=development"
t=2020-12-26T10:38:28+0900 lvl=info msg="Path Home" logger=settings path=/home/imotok/workspace/Datumix/grafana
t=2020-12-26T10:38:28+0900 lvl=info msg="Path Data" logger=settings path=/home/imotok/workspace/Datumix/grafana/data
t=2020-12-26T10:38:28+0900 lvl=info msg="Path Logs" logger=settings path=/home/imotok/workspace/Datumix/grafana/data/log
t=2020-12-26T10:38:28+0900 lvl=info msg="Path Plugins" logger=settings path=/home/imotok/workspace/Datumix/grafana/data/plugins
t=2020-12-26T10:38:28+0900 lvl=info msg="Path Provisioning" logger=settings path=/home/imotok/workspace/Datumix/grafana/conf/provisioning
t=2020-12-26T10:38:28+0900 lvl=info msg="App mode development" logger=settings
t=2020-12-26T10:38:28+0900 lvl=info msg="Connecting to DB" logger=sqlstore dbtype=sqlite3
t=2020-12-26T10:38:28+0900 lvl=info msg="Starting DB migrations" logger=migrator
t=2020-12-26T10:38:28+0900 lvl=info msg="Starting plugin search" logger=plugins
t=2020-12-26T10:38:28+0900 lvl=warn msg="Plugin missing module.js" logger=plugins name="Direct Input" warning="Missing module.js, If you loaded this plugin from git, make sure to compile it." path=/home/imotok/workspace/Datumix/grafana/plugins-bundled/internal/input-datasource/src/module.js
t=2020-12-26T10:38:28+0900 lvl=info msg="Registering plugin" logger=plugins id=input
t=2020-12-26T10:38:28+0900 lvl=info msg="Registering plugin" logger=plugins id=ryantxu-ajax-panel
t=2020-12-26T10:38:28+0900 lvl=info msg="HTTP Server Listen" logger=http.server address=[::]:3000 protocol=http subUrl= socket=
t=2020-12-26T10:39:38+0900 lvl=info msg="New token" logger=context userId=1 orgId=1 uname=admin unhashed token=b49ecb09c8f90879ecc1f496549cc3f1
t=2020-12-26T10:50:56+0900 lvl=info msg="New token" logger=context userId=1 orgId=1 uname=admin unhashed token=a62c4f89e67d7735c867f1eea1504748
t=2020-12-26T10:51:07+0900 lvl=info msg="Shutdown started" logger=server reason="System signal: interrupt"
t=2020-12-26T10:51:12+0900 lvl=info msg="Starting Grafana" logger=server version=7.4.0-pre commit=f7c0702b7b branch=feature/change_logo compiled=2020-12-23T16:39:28+0900
t=2020-12-26T10:51:12+0900 lvl=info msg="Config loaded from" logger=settings file=/home/imotok/workspace/Datumix/grafana/conf/defaults.ini
t=2020-12-26T10:51:12+0900 lvl=info msg="Config overridden from command line" logger=settings arg="app_mode=development"
t=2020-12-26T10:51:12+0900 lvl=info msg="Path Home" logger=settings path=/home/imotok/workspace/Datumix/grafana
t=2020-12-26T10:51:12+0900 lvl=info msg="Path Data" logger=settings path=/home/imotok/workspace/Datumix/grafana/data
t=2020-12-26T10:51:12+0900 lvl=info msg="Path Logs" logger=settings path=/home/imotok/workspace/Datumix/grafana/data/log
t=2020-12-26T10:51:12+0900 lvl=info msg="Path Plugins" logger=settings path=/home/imotok/workspace/Datumix/grafana/data/plugins
t=2020-12-26T10:51:12+0900 lvl=info msg="Path Provisioning" logger=settings path=/home/imotok/workspace/Datumix/grafana/conf/provisioning
t=2020-12-26T10:51:12+0900 lvl=info msg="App mode development" logger=settings
t=2020-12-26T10:51:12+0900 lvl=info msg="Connecting to DB" logger=sqlstore dbtype=sqlite3
t=2020-12-26T10:51:12+0900 lvl=info msg="Starting DB migrations" logger=migrator
t=2020-12-26T10:51:12+0900 lvl=info msg="Starting plugin search" logger=plugins
t=2020-12-26T10:51:12+0900 lvl=warn msg="Plugin missing module.js" logger=plugins name="Direct Input" warning="Missing module.js, If you loaded this plugin from git, make sure to compile it." path=/home/imotok/workspace/Datumix/grafana/plugins-bundled/internal/input-datasource/src/module.js
t=2020-12-26T10:51:12+0900 lvl=info msg="Registering plugin" logger=plugins id=input
t=2020-12-26T10:51:12+0900 lvl=info msg="Registering plugin" logger=plugins id=ryantxu-ajax-panel
t=2020-12-26T10:51:12+0900 lvl=info msg="HTTP Server Listen" logger=http.server address=[::]:3000 protocol=http subUrl= socket=
t=2020-12-26T11:03:50+0900 lvl=info msg="Starting Grafana" logger=server version=7.4.0-pre commit=ed8424c6f1 branch=feature/change_logo compiled=2020-12-26T11:03:42+0900
t=2020-12-26T11:03:50+0900 lvl=info msg="Config loaded from" logger=settings file=/home/imotok/workspace/Datumix/grafana/conf/defaults.ini
t=2020-12-26T11:03:50+0900 lvl=info msg="Config overridden from command line" logger=settings arg="app_mode=development"
t=2020-12-26T11:03:50+0900 lvl=info msg="Path Home" logger=settings path=/home/imotok/workspace/Datumix/grafana
t=2020-12-26T11:03:50+0900 lvl=info msg="Path Data" logger=settings path=/home/imotok/workspace/Datumix/grafana/data
t=2020-12-26T11:03:50+0900 lvl=info msg="Path Logs" logger=settings path=/home/imotok/workspace/Datumix/grafana/data/log
t=2020-12-26T11:03:50+0900 lvl=info msg="Path Plugins" logger=settings path=/home/imotok/workspace/Datumix/grafana/data/plugins
t=2020-12-26T11:03:50+0900 lvl=info msg="Path Provisioning" logger=settings path=/home/imotok/workspace/Datumix/grafana/conf/provisioning
t=2020-12-26T11:03:50+0900 lvl=info msg="App mode development" logger=settings
t=2020-12-26T11:03:50+0900 lvl=info msg="Connecting to DB" logger=sqlstore dbtype=sqlite3
t=2020-12-26T11:03:50+0900 lvl=info msg="Starting DB migrations" logger=migrator
t=2020-12-26T11:03:50+0900 lvl=info msg="Starting plugin search" logger=plugins
t=2020-12-26T11:03:50+0900 lvl=warn msg="Plugin missing module.js" logger=plugins name="Direct Input" warning="Missing module.js, If you loaded this plugin from git, make sure to compile it." path=/home/imotok/workspace/Datumix/grafana/plugins-bundled/internal/input-datasource/src/module.js
t=2020-12-26T11:03:50+0900 lvl=info msg="Registering plugin" logger=plugins id=input
t=2020-12-26T11:03:50+0900 lvl=info msg="Registering plugin" logger=plugins id=ryantxu-ajax-panel
t=2020-12-26T11:03:50+0900 lvl=info msg="HTTP Server Listen" logger=http.server address=[::]:3000 protocol=http subUrl= socket=
t=2020-12-26T12:36:17+0900 lvl=info msg="New token" logger=context userId=1 orgId=1 uname=admin unhashed token=36c29507cab39520ba6a98bf910a86fb
t=2020-12-26T12:39:16+0900 lvl=info msg="Shutdown started" logger=server reason="System signal: interrupt"
t=2020-12-26T12:39:35+0900 lvl=info msg="Starting Grafana" logger=server version=7.4.0-pre commit=ed8424c6f1 branch=feature/change_dashboard compiled=2020-12-26T11:03:42+0900
t=2020-12-26T12:39:35+0900 lvl=info msg="Config loaded from" logger=settings file=/home/imotok/workspace/Datumix/grafana/conf/defaults.ini
t=2020-12-26T12:39:35+0900 lvl=info msg="Config overridden from command line" logger=settings arg="app_mode=development"
t=2020-12-26T12:39:35+0900 lvl=info msg="Path Home" logger=settings path=/home/imotok/workspace/Datumix/grafana
t=2020-12-26T12:39:35+0900 lvl=info msg="Path Data" logger=settings path=/home/imotok/workspace/Datumix/grafana/data
t=2020-12-26T12:39:35+0900 lvl=info msg="Path Logs" logger=settings path=/home/imotok/workspace/Datumix/grafana/data/log
t=2020-12-26T12:39:35+0900 lvl=info msg="Path Plugins" logger=settings path=/home/imotok/workspace/Datumix/grafana/data/plugins
t=2020-12-26T12:39:35+0900 lvl=info msg="Path Provisioning" logger=settings path=/home/imotok/workspace/Datumix/grafana/conf/provisioning
t=2020-12-26T12:39:35+0900 lvl=info msg="App mode development" logger=settings
t=2020-12-26T12:39:35+0900 lvl=info msg="Connecting to DB" logger=sqlstore dbtype=sqlite3
t=2020-12-26T12:39:35+0900 lvl=info msg="Starting DB migrations" logger=migrator
t=2020-12-26T12:39:35+0900 lvl=info msg="Starting plugin search" logger=plugins
t=2020-12-26T12:39:36+0900 lvl=warn msg="Plugin missing module.js" logger=plugins name="Direct Input" warning="Missing module.js, If you loaded this plugin from git, make sure to compile it." path=/home/imotok/workspace/Datumix/grafana/plugins-bundled/internal/input-datasource/src/module.js
t=2020-12-26T12:39:36+0900 lvl=info msg="Registering plugin" logger=plugins id=input
t=2020-12-26T12:39:36+0900 lvl=info msg="Registering plugin" logger=plugins id=ryantxu-ajax-panel
t=2020-12-26T12:39:36+0900 lvl=info msg="HTTP Server Listen" logger=http.server address=[::]:3000 protocol=http subUrl= socket=
